#
# A fatal error has been detected by the Java Runtime Environment:
#
#  EXCEPTION_ACCESS_VIOLATION (0xc0000005) at pc=0x617493cd, pid=1200, tid=0x00001df8
#
# JRE version: Java(TM) SE Runtime Environment (8.0_92-b14) (build 1.8.0_92-b14)
# Java VM: Java HotSpot(TM) Client VM (25.92-b14 mixed mode windows-x86 )
# Problematic frame:
# C  [listSerialsj.dll+0x93cd]
#
# Failed to write core dump. Minidumps are not enabled by default on client versions of Windows
#
# If you would like to submit a bug report, please visit:
#   http://bugreport.java.com/bugreport/crash.jsp
# The crash happened outside the Java Virtual Machine in native code.
# See problematic frame for where to report the bug.
#

---------------  T H R E A D  ---------------

Current thread (0x26f51000):  JavaThread "cc.arduino.packages.discoverers.serial.SerialBoardsLister" [_thread_in_native, id=7672, stack(0x26300000,0x26350000)]

siginfo: ExceptionCode=0xc0000005, writing address 0x00000000

Registers:
EAX=0x00000000, EBX=0x00000b44, ECX=0x00000000, EDX=0x00000001
ESP=0x2634ed70, EBP=0x2634f1c8, ESI=0x00000001, EDI=0x00b8e250
EIP=0x617493cd, EFLAGS=0x00010246

Top of Stack: (sp=0x2634ed70)
0x2634ed70:   25986d90 0000002e 00000002 00000000
0x2634ed80:   00000003 00000000 00000000 2634edc0
0x2634ed90:   58b66dd3 26f51000 0000006c 769e86b0
0x2634eda0:   2598bd78 00f07ed8 00b8e168 00000009
0x2634edb0:   2634f6dc 58e1d74e 00000046 00000002
0x2634edc0:   00000001 0000006c 0000001b 26f51000
0x2634edd0:   2634f080 58c69e52 334d4f43 00000000
0x2634ede0:   00425355 26f51000 2634f0b4 58c69e64 

Instructions: (pc=0x617493cd)
0x617493ad:   8b 45 08 8b 90 94 00 00 00 85 d2 74 16 8b 40 2c
0x617493bd:   c7 44 24 04 2e 00 00 00 89 04 24 e8 73 14 00 00
0x617493cd:   c6 00 00 8d 85 04 fc ff ff 89 44 24 18 8d 85 0a
0x617493dd:   fc ff ff 89 44 24 10 a1 e4 01 75 61 c7 85 04 fc 


Register to memory mapping:

EAX=0x00000000 is an unknown value
EBX=0x00000b44 is an unknown value
ECX=0x00000000 is an unknown value
EDX=0x00000001 is an unknown value
ESP=0x2634ed70 is pointing into the stack for thread: 0x26f51000
EBP=0x2634f1c8 is pointing into the stack for thread: 0x26f51000
ESI=0x00000001 is an unknown value
EDI=0x00b8e250 is an unknown value


Stack: [0x26300000,0x26350000],  sp=0x2634ed70,  free space=315k
Native frames: (J=compiled Java code, j=interpreted, Vv=VM code, C=native code)
C  [listSerialsj.dll+0x93cd]
C  [listSerialsj.dll+0x2211]

Java frames: (J=compiled Java code, j=interpreted, Vv=VM code)
j  processing.app.Platform.listSerialsNative()[Ljava/lang/String;+0
j  processing.app.Platform.listSerials()Ljava/util/List;+5
j  cc.arduino.packages.discoverers.serial.SerialBoardsLister.retriggerDiscovery(Z)V+22
j  cc.arduino.packages.discoverers.serial.SerialBoardsLister.run()V+9
j  java.util.TimerThread.mainLoop()V+221
j  java.util.TimerThread.run()V+1
v  ~StubRoutines::call_stub

---------------  P R O C E S S  ---------------

Java Threads: ( => current thread )
  0x27319c00 JavaThread "cc.arduino.packages.discoverers.network.BoardReachabilityFilter" [_thread_blocked, id=8776, stack(0x29950000,0x299a0000)]
  0x27319400 JavaThread "cc.arduino.packages.discoverers.network.NetworkChecker" [_thread_blocked, id=6220, stack(0x298c0000,0x29910000)]
  0x2731ac00 JavaThread "cc.arduino.packages.discoverers.serial.SerialBoardsLister" [_thread_blocked, id=2864, stack(0x28550000,0x285a0000)]
  0x27418000 JavaThread "DestroyJavaVM" [_thread_blocked, id=200, stack(0x00c20000,0x00c70000)]
  0x27416000 JavaThread "TimerQueue" daemon [_thread_blocked, id=4576, stack(0x28400000,0x28450000)]
  0x27418400 JavaThread "AWT-EventQueue-0" [_thread_blocked, id=4176, stack(0x28210000,0x28260000)]
  0x27414c00 JavaThread "AWT-Shutdown" [_thread_blocked, id=7164, stack(0x28180000,0x281d0000)]
  0x27000400 JavaThread "Batik CleanerThread" daemon [_thread_blocked, id=8636, stack(0x27cd0000,0x27d20000)]
  0x26f52000 JavaThread "cc.arduino.packages.discoverers.network.BoardReachabilityFilter" [_thread_blocked, id=8700, stack(0x27990000,0x279e0000)]
  0x26f51800 JavaThread "cc.arduino.packages.discoverers.network.NetworkChecker" [_thread_blocked, id=8336, stack(0x27900000,0x27950000)]
=>0x26f51000 JavaThread "cc.arduino.packages.discoverers.serial.SerialBoardsLister" [_thread_in_native, id=7672, stack(0x26300000,0x26350000)]
  0x25e97c00 JavaThread "AWT-Windows" daemon [_thread_in_native, id=8560, stack(0x26390000,0x263e0000)]
  0x25e96800 JavaThread "Java2D Disposer" daemon [_thread_blocked, id=7856, stack(0x26270000,0x262c0000)]
  0x25538800 JavaThread "Service Thread" daemon [_thread_blocked, id=3472, stack(0x25c70000,0x25cc0000)]
  0x25523800 JavaThread "C1 CompilerThread0" daemon [_thread_blocked, id=8180, stack(0x25be0000,0x25c30000)]
  0x25522000 JavaThread "Attach Listener" daemon [_thread_blocked, id=1396, stack(0x25b50000,0x25ba0000)]
  0x25520400 JavaThread "Signal Dispatcher" daemon [_thread_blocked, id=8384, stack(0x25ac0000,0x25b10000)]
  0x2550ac00 JavaThread "Finalizer" daemon [_thread_blocked, id=8924, stack(0x25850000,0x258a0000)]
  0x254f4c00 JavaThread "Reference Handler" daemon [_thread_blocked, id=7852, stack(0x257c0000,0x25810000)]

Other Threads:
  0x0113d800 VMThread [stack: 0x252f0000,0x25340000] [id=5924]
  0x2554f800 WatcherThread [stack: 0x25d00000,0x25d50000] [id=4948]

VM state:not at safepoint (normal execution)

VM Mutex/Monitor currently owned by a thread: None

Heap:
 def new generation   total 39424K, used 10523K [0x04a00000, 0x074c0000, 0x0f4a0000)
  eden space 35072K,  26% used [0x04a00000, 0x052f4780, 0x06c40000)
  from space 4352K,  31% used [0x06c40000, 0x06d92800, 0x07080000)
  to   space 4352K,   0% used [0x07080000, 0x07080000, 0x074c0000)
 tenured generation   total 87424K, used 38270K [0x0f4a0000, 0x14a00000, 0x24a00000)
   the space 87424K,  43% used [0x0f4a0000, 0x119ff9b8, 0x119ffa00, 0x14a00000)
 Metaspace       used 19307K, capacity 19943K, committed 19968K, reserved 20864K

Card table byte_map: [0x048e0000,0x049f0000] byte_map_base: 0x048bb000

Polling page: 0x00a60000

CodeCache: size=32768Kb used=3373Kb max_used=4892Kb free=29394Kb
 bounds [0x02790000, 0x02c58000, 0x04790000]
 total_blobs=2188 nmethods=1911 adapters=205
 compilation: enabled

Compilation events (10 events):
Event: 1217.627 Thread 0x25523800 4525             java.lang.CharacterDataLatin1::toUpperCaseEx (71 bytes)
Event: 1217.627 Thread 0x25523800 nmethod 4525 0x02c23cc8 code [0x02c23dc0, 0x02c23ec0]
Event: 1217.627 Thread 0x25523800 4526             java.lang.Character::toUpperCaseEx (30 bytes)
Event: 1217.627 Thread 0x25523800 nmethod 4526 0x02af9948 code [0x02af9a50, 0x02af9af8]
Event: 1217.628 Thread 0x25523800 4527             java.lang.String::indexOf (70 bytes)
Event: 1217.628 Thread 0x25523800 nmethod 4527 0x02aee5c8 code [0x02aee6d0, 0x02aee7fc]
Event: 1217.775 Thread 0x25523800 4528             java.util.LinkedHashMap$LinkedHashIterator::hasNext (13 bytes)
Event: 1217.775 Thread 0x25523800 nmethod 4528 0x02c23b08 code [0x02c23c00, 0x02c23c90]
Event: 1217.780 Thread 0x25523800 4529             java.lang.String::charAt (29 bytes)
Event: 1217.781 Thread 0x25523800 nmethod 4529 0x02af9688 code [0x02af9790, 0x02af988c]

GC Heap History (10 events):
Event: 461.028 GC heap before
{Heap before GC invocations=48 (full 1):
 def new generation   total 39424K, used 35403K [0x04a00000, 0x074c0000, 0x0f4a0000)
  eden space 35072K, 100% used [0x04a00000, 0x06c40000, 0x06c40000)
  from space 4352K,   7% used [0x07080000, 0x070d2e00, 0x074c0000)
  to   space 4352K,   0% used [0x06c40000, 0x06c40000, 0x07080000)
 tenured generation   total 87424K, used 29777K [0x0f4a0000, 0x14a00000, 0x24a00000)
   the space 87424K,  34% used [0x0f4a0000, 0x111b4520, 0x111b4600, 0x14a00000)
 Metaspace       used 19284K, capacity 19911K, committed 19968K, reserved 20864K
Event: 461.069 GC heap after
Heap after GC invocations=49 (full 1):
 def new generation   total 39424K, used 4352K [0x04a00000, 0x074c0000, 0x0f4a0000)
  eden space 35072K,   0% used [0x04a00000, 0x04a00000, 0x06c40000)
  from space 4352K, 100% used [0x06c40000, 0x07080000, 0x07080000)
  to   space 4352K,   0% used [0x07080000, 0x07080000, 0x074c0000)
 tenured generation   total 87424K, used 33971K [0x0f4a0000, 0x14a00000, 0x24a00000)
   the space 87424K,  38% used [0x0f4a0000, 0x115ccc40, 0x115cce00, 0x14a00000)
 Metaspace       used 19284K, capacity 19911K, committed 19968K, reserved 20864K
}
Event: 461.968 GC heap before
{Heap before GC invocations=49 (full 1):
 def new generation   total 39424K, used 39424K [0x04a00000, 0x074c0000, 0x0f4a0000)
  eden space 35072K, 100% used [0x04a00000, 0x06c40000, 0x06c40000)
  from space 4352K, 100% used [0x06c40000, 0x07080000, 0x07080000)
  to   space 4352K,   0% used [0x07080000, 0x07080000, 0x074c0000)
 tenured generation   total 87424K, used 33971K [0x0f4a0000, 0x14a00000, 0x24a00000)
   the space 87424K,  38% used [0x0f4a0000, 0x115ccc40, 0x115cce00, 0x14a00000)
 Metaspace       used 19284K, capacity 19911K, committed 19968K, reserved 20864K
Event: 461.990 GC heap after
Heap after GC invocations=50 (full 1):
 def new generation   total 39424K, used 597K [0x04a00000, 0x074c0000, 0x0f4a0000)
  eden space 35072K,   0% used [0x04a00000, 0x04a00000, 0x06c40000)
  from space 4352K,  13% used [0x07080000, 0x07115578, 0x074c0000)
  to   space 4352K,   0% used [0x06c40000, 0x06c40000, 0x07080000)
 tenured generation   total 87424K, used 38270K [0x0f4a0000, 0x14a00000, 0x24a00000)
   the space 87424K,  43% used [0x0f4a0000, 0x119ff9b8, 0x119ffa00, 0x14a00000)
 Metaspace       used 19284K, capacity 19911K, committed 19968K, reserved 20864K
}
Event: 473.409 GC heap before
{Heap before GC invocations=50 (full 1):
 def new generation   total 39424K, used 35669K [0x04a00000, 0x074c0000, 0x0f4a0000)
  eden space 35072K, 100% used [0x04a00000, 0x06c40000, 0x06c40000)
  from space 4352K,  13% used [0x07080000, 0x07115578, 0x074c0000)
  to   space 4352K,   0% used [0x06c40000, 0x06c40000, 0x07080000)
 tenured generation   total 87424K, used 38270K [0x0f4a0000, 0x14a00000, 0x24a00000)
   the space 87424K,  43% used [0x0f4a0000, 0x119ff9b8, 0x119ffa00, 0x14a00000)
 Metaspace       used 19284K, capacity 19911K, committed 19968K, reserved 20864K
Event: 473.417 GC heap after
Heap after GC invocations=51 (full 1):
 def new generation   total 39424K, used 541K [0x04a00000, 0x074c0000, 0x0f4a0000)
  eden space 35072K,   0% used [0x04a00000, 0x04a00000, 0x06c40000)
  from space 4352K,  12% used [0x06c40000, 0x06cc74e8, 0x07080000)
  to   space 4352K,   0% used [0x07080000, 0x07080000, 0x074c0000)
 tenured generation   total 87424K, used 38270K [0x0f4a0000, 0x14a00000, 0x24a00000)
   the space 87424K,  43% used [0x0f4a0000, 0x119ff9b8, 0x119ffa00, 0x14a00000)
 Metaspace       used 19284K, capacity 19911K, committed 19968K, reserved 20864K
}
Event: 478.429 GC heap before
{Heap before GC invocations=51 (full 1):
 def new generation   total 39424K, used 35613K [0x04a00000, 0x074c0000, 0x0f4a0000)
  eden space 35072K, 100% used [0x04a00000, 0x06c40000, 0x06c40000)
  from space 4352K,  12% used [0x06c40000, 0x06cc74e8, 0x07080000)
  to   space 4352K,   0% used [0x07080000, 0x07080000, 0x074c0000)
 tenured generation   total 87424K, used 38270K [0x0f4a0000, 0x14a00000, 0x24a00000)
   the space 87424K,  43% used [0x0f4a0000, 0x119ff9b8, 0x119ffa00, 0x14a00000)
 Metaspace       used 19284K, capacity 19911K, committed 19968K, reserved 20864K
Event: 478.436 GC heap after
Heap after GC invocations=52 (full 1):
 def new generation   total 39424K, used 495K [0x04a00000, 0x074c0000, 0x0f4a0000)
  eden space 35072K,   0% used [0x04a00000, 0x04a00000, 0x06c40000)
  from space 4352K,  11% used [0x07080000, 0x070fbd30, 0x074c0000)
  to   space 4352K,   0% used [0x06c40000, 0x06c40000, 0x07080000)
 tenured generation   total 87424K, used 38270K [0x0f4a0000, 0x14a00000, 0x24a00000)
   the space 87424K,  43% used [0x0f4a0000, 0x119ff9b8, 0x119ffa00, 0x14a00000)
 Metaspace       used 19284K, capacity 19911K, committed 19968K, reserved 20864K
}
Event: 883.589 GC heap before
{Heap before GC invocations=52 (full 1):
 def new generation   total 39424K, used 35567K [0x04a00000, 0x074c0000, 0x0f4a0000)
  eden space 35072K, 100% used [0x04a00000, 0x06c40000, 0x06c40000)
  from space 4352K,  11% used [0x07080000, 0x070fbd30, 0x074c0000)
  to   space 4352K,   0% used [0x06c40000, 0x06c40000, 0x07080000)
 tenured generation   total 87424K, used 38270K [0x0f4a0000, 0x14a00000, 0x24a00000)
   the space 87424K,  43% used [0x0f4a0000, 0x119ff9b8, 0x119ffa00, 0x14a00000)
 Metaspace       used 19303K, capacity 19943K, committed 19968K, reserved 20864K
Event: 883.602 GC heap after
Heap after GC invocations=53 (full 1):
 def new generation   total 39424K, used 1354K [0x04a00000, 0x074c0000, 0x0f4a0000)
  eden space 35072K,   0% used [0x04a00000, 0x04a00000, 0x06c40000)
  from space 4352K,  31% used [0x06c40000, 0x06d92800, 0x07080000)
  to   space 4352K,   0% used [0x07080000, 0x07080000, 0x074c0000)
 tenured generation   total 87424K, used 38270K [0x0f4a0000, 0x14a00000, 0x24a00000)
   the space 87424K,  43% used [0x0f4a0000, 0x119ff9b8, 0x119ffa00, 0x14a00000)
 Metaspace       used 19303K, capacity 19943K, committed 19968K, reserved 20864K
}

Deoptimization events (0 events):
No events

Internal exceptions (10 events):
Event: 506.216 Thread 0x2731a800 Exception <a 'java/io/IOException'> (0x05766b18) thrown at [C:\workspace\8-2-build-windows-i586-cygwin\jdk8u92\6642\hotspot\src\share\vm\prims\jni.cpp, line 709]
Event: 506.216 Thread 0x2731a800 Exception <a 'java/io/IOException'> (0x05766d60) thrown at [C:\workspace\8-2-build-windows-i586-cygwin\jdk8u92\6642\hotspot\src\share\vm\prims\jni.cpp, line 709]
Event: 506.217 Thread 0x2731a800 Exception <a 'java/io/IOException'> (0x05769ec0) thrown at [C:\workspace\8-2-build-windows-i586-cygwin\jdk8u92\6642\hotspot\src\share\vm\prims\jni.cpp, line 709]
Event: 506.217 Thread 0x2731a800 Exception <a 'java/io/IOException'> (0x0576a260) thrown at [C:\workspace\8-2-build-windows-i586-cygwin\jdk8u92\6642\hotspot\src\share\vm\prims\jni.cpp, line 709]
Event: 506.217 Thread 0x2731a800 Exception <a 'java/io/IOException'> (0x0576a4a8) thrown at [C:\workspace\8-2-build-windows-i586-cygwin\jdk8u92\6642\hotspot\src\share\vm\prims\jni.cpp, line 709]
Event: 852.915 Thread 0x2731d400 Exception <a 'java/net/SocketException': socket closed> (0x05dbd548) thrown at [C:\workspace\8-2-build-windows-i586-cygwin\jdk8u92\6642\hotspot\src\share\vm\prims\jni.cpp, line 735]
Event: 853.202 Thread 0x27416400 Exception <a 'java/net/SocketException': socket closed> (0x05db48d8) thrown at [C:\workspace\8-2-build-windows-i586-cygwin\jdk8u92\6642\hotspot\src\share\vm\prims\jni.cpp, line 735]
Event: 858.915 Thread 0x27316400 Exception <a 'java/net/SocketException': socket closed> (0x06bec338) thrown at [C:\workspace\8-2-build-windows-i586-cygwin\jdk8u92\6642\hotspot\src\share\vm\prims\jni.cpp, line 735]
Event: 859.206 Thread 0x27415400 Exception <a 'java/net/SocketException': socket closed> (0x06bf1118) thrown at [C:\workspace\8-2-build-windows-i586-cygwin\jdk8u92\6642\hotspot\src\share\vm\prims\jni.cpp, line 735]
Event: 1217.631 Thread 0x2731ac00 Exception <a 'java/net/UnknownHostException': api-builder.arduino.cc> (0x052e2c68) thrown at [C:\workspace\8-2-build-windows-i586-cygwin\jdk8u92\6642\hotspot\src\share\vm\prims\jni.cpp, line 735]

Events (10 events):
Event: 1217.626 Thread 0x25523800 flushing nmethod 0x02c49b88
Event: 1217.626 Thread 0x25523800 flushing nmethod 0x02c49d48
Event: 1217.626 Thread 0x25523800 flushing nmethod 0x02c4c0c8
Event: 1217.626 Thread 0x25523800 flushing nmethod 0x02c4ce48
Event: 1217.626 Thread 0x25523800 flushing nmethod 0x02c4d0c8
Event: 1217.626 Thread 0x25523800 flushing nmethod 0x02c4db08
Event: 1217.628 loading class cc/arduino/packages/BoardPort
Event: 1217.628 loading class cc/arduino/packages/BoardPort done
Event: 1217.781 Thread 0x25523800 flushing nmethod 0x0299abc8
Event: 1217.781 Thread 0x25523800 flushing nmethod 0x0299b808


Dynamic libraries:
0x01350000 - 0x01383000 	C:\Program Files (x86)\Arduino\java\bin\javaw.exe
0x77020000 - 0x77199000 	C:\WINDOWS\SYSTEM32\ntdll.dll
0x76f30000 - 0x77020000 	C:\WINDOWS\SYSTEM32\KERNEL32.DLL
0x76530000 - 0x766a6000 	C:\WINDOWS\SYSTEM32\KERNELBASE.dll
0x74160000 - 0x741db000 	C:\WINDOWS\SYSTEM32\ADVAPI32.dll
0x76400000 - 0x764be000 	C:\WINDOWS\SYSTEM32\msvcrt.dll
0x761d0000 - 0x76213000 	C:\WINDOWS\SYSTEM32\sechost.dll
0x759a0000 - 0x75a4c000 	C:\WINDOWS\SYSTEM32\RPCRT4.dll
0x74130000 - 0x7414e000 	C:\WINDOWS\SYSTEM32\SspiCli.dll
0x74120000 - 0x7412a000 	C:\WINDOWS\SYSTEM32\CRYPTBASE.dll
0x740c0000 - 0x74119000 	C:\WINDOWS\SYSTEM32\bcryptPrimitives.dll
0x75fa0000 - 0x760e0000 	C:\WINDOWS\SYSTEM32\USER32.dll
0x76c60000 - 0x76dad000 	C:\WINDOWS\SYSTEM32\GDI32.dll
0x731c0000 - 0x733c9000 	C:\WINDOWS\WinSxS\x86_microsoft.windows.common-controls_6595b64144ccf1df_6.0.10240.16384_none_3bccb1ff6bcd1849\COMCTL32.dll
0x764c0000 - 0x764eb000 	C:\WINDOWS\SYSTEM32\IMM32.DLL
0x74280000 - 0x743a0000 	C:\WINDOWS\SYSTEM32\MSCTF.dll
0x738e0000 - 0x7399f000 	C:\Program Files (x86)\Arduino\java\bin\msvcr100.dll
0x58b60000 - 0x58f2b000 	C:\Program Files (x86)\Arduino\java\bin\client\jvm.dll
0x75f90000 - 0x75f96000 	C:\WINDOWS\SYSTEM32\PSAPI.DLL
0x73d40000 - 0x73d48000 	C:\WINDOWS\SYSTEM32\WSOCK32.dll
0x6dfe0000 - 0x6e004000 	C:\WINDOWS\SYSTEM32\WINMM.dll
0x743a0000 - 0x743fc000 	C:\WINDOWS\SYSTEM32\WS2_32.dll
0x76220000 - 0x76227000 	C:\WINDOWS\SYSTEM32\NSI.dll
0x73450000 - 0x73458000 	C:\WINDOWS\SYSTEM32\VERSION.dll
0x6dfb0000 - 0x6dfd3000 	C:\WINDOWS\SYSTEM32\winmmbase.dll
0x758b0000 - 0x758e6000 	C:\WINDOWS\SYSTEM32\cfgmgr32.dll
0x6df80000 - 0x6dfa1000 	C:\WINDOWS\SYSTEM32\DEVOBJ.dll
0x738a0000 - 0x738d1000 	C:\Program Files (x86)\Arduino\java\bin\splashscreen.dll
0x733d0000 - 0x73445000 	C:\WINDOWS\system32\uxtheme.dll
0x76770000 - 0x7692a000 	C:\WINDOWS\SYSTEM32\combase.dll
0x73af0000 - 0x73afc000 	C:\Program Files (x86)\Arduino\java\bin\verify.dll
0x73870000 - 0x73891000 	C:\Program Files (x86)\Arduino\java\bin\java.dll
0x73850000 - 0x73863000 	C:\Program Files (x86)\Arduino\java\bin\zip.dll
0x72e60000 - 0x72edd000 	C:\Program Files (x86)\Common Files\Microsoft Shared\Ink\tiptsf.dll
0x74400000 - 0x74492000 	C:\WINDOWS\SYSTEM32\OLEAUT32.dll
0x76520000 - 0x7652c000 	C:\WINDOWS\SYSTEM32\kernel.appcore.dll
0x76930000 - 0x769b2000 	C:\WINDOWS\SYSTEM32\clbcatq.dll
0x63eb0000 - 0x63fc5000 	C:\Windows\SYSTEM32\uiautomationcore.dll
0x73f30000 - 0x73f49000 	C:\Windows\SYSTEM32\USERENV.dll
0x76c50000 - 0x76c5f000 	C:\WINDOWS\SYSTEM32\profapi.dll
0x73d80000 - 0x73d93000 	C:\WINDOWS\SYSTEM32\cryptsp.dll
0x74010000 - 0x7402b000 	C:\WINDOWS\SYSTEM32\bcrypt.dll
0x73d50000 - 0x73d7f000 	C:\WINDOWS\system32\rsaenh.dll
0x744a0000 - 0x7585d000 	C:\WINDOWS\SYSTEM32\SHELL32.dll
0x75a50000 - 0x75f2c000 	C:\WINDOWS\SYSTEM32\windows.storage.dll
0x76b70000 - 0x76bb4000 	C:\WINDOWS\SYSTEM32\shlwapi.dll
0x76bc0000 - 0x76c4d000 	C:\WINDOWS\SYSTEM32\shcore.dll
0x75860000 - 0x758a4000 	C:\WINDOWS\SYSTEM32\powrprof.dll
0x63e30000 - 0x63eb0000 	C:\WINDOWS\SYSTEM32\sxs.dll
0x62a40000 - 0x62a93000 	C:\Windows\SYSTEM32\OLEACC.dll
0x623d0000 - 0x62469000 	C:\WINDOWS\SYSTEM32\twinapi.dll
0x65610000 - 0x656cc000 	C:\WINDOWS\SYSTEM32\twinapi.appcore.dll
0x760e0000 - 0x761ca000 	C:\WINDOWS\SYSTEM32\ole32.dll
0x642b0000 - 0x643f5000 	C:\Program Files (x86)\Arduino\java\bin\awt.dll
0x6d1e0000 - 0x6d271000 	C:\WINDOWS\system32\apphelp.dll
0x6c5e0000 - 0x6c5fd000 	C:\WINDOWS\system32\dwmapi.dll
0x61740000 - 0x6176c000 	C:\Program Files (x86)\Arduino\lib\listSerialsj.dll
0x769c0000 - 0x76b65000 	C:\WINDOWS\SYSTEM32\SETUPAPI.dll
0x737f0000 - 0x73806000 	C:\Program Files (x86)\Arduino\java\bin\net.dll
0x73cf0000 - 0x73d3e000 	C:\WINDOWS\system32\mswsock.dll
0x74090000 - 0x740c0000 	C:\WINDOWS\SYSTEM32\IPHLPAPI.DLL
0x74080000 - 0x74088000 	C:\WINDOWS\SYSTEM32\WINNSI.DLL
0x73bf0000 - 0x73c03000 	C:\WINDOWS\SYSTEM32\dhcpcsvc6.DLL
0x73bd0000 - 0x73be4000 	C:\WINDOWS\SYSTEM32\dhcpcsvc.DLL
0x73ae0000 - 0x73aef000 	C:\Program Files (x86)\Arduino\java\bin\nio.dll
0x269d0000 - 0x26a0d000 	C:\Users\user\AppData\Local\Temp\jna-3599307\jna8758376867385169582.dll
0x73810000 - 0x73849000 	C:\Program Files (x86)\Arduino\java\bin\fontmanager.dll
0x64270000 - 0x642a2000 	C:\Program Files (x86)\Arduino\java\bin\t2k.dll
0x64200000 - 0x64269000 	C:\Program Files (x86)\Arduino\msvcp100.dll
0x58aa0000 - 0x58b5e000 	C:\Program Files (x86)\Arduino\msvcr100.dll
0x27c00000 - 0x27c32000 	C:\Program Files (x86)\Arduino\lib\AStylej.dll
0x64190000 - 0x641b4000 	C:\Program Files (x86)\Arduino\java\bin\dcpr.dll
0x5d280000 - 0x5d3f1000 	C:\WINDOWS\SYSTEM32\WindowsCodecs.dll
0x65ea0000 - 0x65edf000 	C:\WINDOWS\system32\dataexchange.dll
0x657f0000 - 0x65a03000 	C:\WINDOWS\system32\d3d11.dll
0x65a10000 - 0x65e98000 	C:\WINDOWS\system32\d2d1.dll
0x656d0000 - 0x6574e000 	C:\WINDOWS\system32\dxgi.dll
0x65750000 - 0x657ec000 	C:\WINDOWS\system32\dcomp.dll
0x73c10000 - 0x73c94000 	C:\WINDOWS\SYSTEM32\DNSAPI.dll
0x64080000 - 0x640a5000 	C:\Program Files (x86)\Bonjour\mdnsNSP.dll
0x64070000 - 0x64078000 	C:\Windows\System32\rasadhlp.dll
0x56230000 - 0x5627d000 	C:\WINDOWS\system32\Ninput.dll
0x67890000 - 0x678d6000 	C:\WINDOWS\System32\fwpuclnt.dll
0x758f0000 - 0x75932000 	C:\WINDOWS\SYSTEM32\WINTRUST.dll
0x74150000 - 0x7415e000 	C:\WINDOWS\SYSTEM32\MSASN1.dll
0x76db0000 - 0x76f25000 	C:\WINDOWS\SYSTEM32\CRYPT32.dll
0x739a0000 - 0x73adf000 	C:\WINDOWS\SYSTEM32\dbghelp.dll

VM Arguments:
jvm_args: -Dsun.java2d.d3d=false -Djna.nosys=true -DAPP_DIR=C:\Program Files (x86)\Arduino -Xms128M -Xmx512M 
java_command: processing.app.Base C:\Users\user\Desktop\transmiter\transmiter.ino
java_class_path (initial): C:\Program Files (x86)\Arduino\lib\apple.jar;C:\Program Files (x86)\Arduino\lib\arduino-core.jar;C:\Program Files (x86)\Arduino\lib\batik-1.8.jar;C:\Program Files (x86)\Arduino\lib\batik-anim-1.8.jar;C:\Program Files (x86)\Arduino\lib\batik-awt-util-1.8.jar;C:\Program Files (x86)\Arduino\lib\batik-bridge-1.8.jar;C:\Program Files (x86)\Arduino\lib\batik-codec-1.8.jar;C:\Program Files (x86)\Arduino\lib\batik-css-1.8.jar;C:\Program Files (x86)\Arduino\lib\batik-dom-1.8.jar;C:\Program Files (x86)\Arduino\lib\batik-ext-1.8.jar;C:\Program Files (x86)\Arduino\lib\batik-gvt-1.8.jar;C:\Program Files (x86)\Arduino\lib\batik-parser-1.8.jar;C:\Program Files (x86)\Arduino\lib\batik-rasterizer-1.8.jar;C:\Program Files (x86)\Arduino\lib\batik-script-1.8.jar;C:\Program Files (x86)\Arduino\lib\batik-squiggle-1.8.jar;C:\Program Files (x86)\Arduino\lib\batik-svg-dom-1.8.jar;C:\Program Files (x86)\Arduino\lib\batik-svgpp-1.8.jar;C:\Program Files (x86)\Arduino\lib\batik-transcoder-1.8.jar;C:\Program Files (x86)\Arduino\lib\batik-util-1.8.jar;C:\Program Files (x86)\Arduino\lib\batik-xml-1.8.jar;C:\Program Files (x86)\Arduino\lib\bcpg-jdk15on-152.jar;C:\Program Files (x86)\Arduino\lib\bcprov-jdk15on-152.jar;C:\Program Files (x86)\Arduino\lib\commons-codec-1.7.jar;C:\Program Files (x86)\Arduino\lib\commons-compress-1.8.jar;C:\Program Files (x86)\Arduino\lib\commons-exec-1.1.jar;C:\Program Files (x86)\Arduino\lib\commons-httpclient-3.1.jar;C:\Program Files (x86)\Arduino\lib\commons-lang3-3.3.2.jar;C:\Program Files (x86)\Arduino\lib\commons-logging-1.0.4.jar;C:\Program Files (x86)\Arduino\lib\commons-net-3.3.jar;C:\Program Files (x86)\Arduino\lib\jackson-annotations-2.6.3.jar;C:\Program Files (x86)\Arduino\lib\jackson-core-2.6.3.jar;C:\Program Files (x86)\Arduino\lib\jackson-databind-2.6.3.jar;C:\Program Files (x86)\Arduino\lib\jackson-module-mrbean-2.6.3.jar;C:\Program Files (x86)\Arduino\lib\java-semver-0.8.0.jar;C:\Program Files (x86)\Arduino\lib\jmdns-3.4.1.j
Launcher Type: SUN_STANDARD

Environment Variables:
PATH=C:\Users\user\gcc\bin;C:\Users\user\gcc\libexec\gcc\x86_64-pc-mingw32\4.7.0;C:\ProgramData\Oracle\Java\javapath;C:\Program Files (x86)\Intel\TXE Components\TCS\;C:\Program Files\Intel\TXE Components\TCS\;C:\WINDOWS\system32;C:\WINDOWS;C:\WINDOWS\System32\Wbem;C:\WINDOWS\System32\WindowsPowerShell\v1.0\;C:\Program Files\Intel\TXE Components\DAL\;C:\Program Files (x86)\Intel\TXE Components\DAL\;C:\Program Files\Intel\TXE Components\IPT\;C:\Program Files (x86)\Intel\TXE Components\IPT\;C:\Program Files\Intel\WiFi\bin\;C:\Program Files\Common Files\Intel\WirelessCommon\;C:\Users\user\AppData\Roaming\Dashlane\4.6.6.23032\bin\Firefox_Extension\{442718d9-475e-452a-b3e1-fb1ee16b8e9f}\components;%DASHLANE_DLL_DIR%;C:\Program Files (x86)\Arduino\java\bin
USERNAME=user
OS=Windows_NT
PROCESSOR_IDENTIFIER=Intel64 Family 6 Model 76 Stepping 3, GenuineIntel



---------------  S Y S T E M  ---------------

OS: Windows 10.0 , 64 bit Build 10240 (10.0.10240.16384)

CPU:total 2 (2 cores per cpu, 1 threads per core) family 6 model 76 stepping 3, cmov, cx8, fxsr, mmx, sse, sse2, sse3, ssse3, sse4.1, sse4.2, popcnt, aes, clmul, erms, 3dnowpref, tsc, tscinvbit

Memory: 4k page, physical 4013328k(1631856k free), swap 4734224k(1839512k free)

vm_info: Java HotSpot(TM) Client VM (25.92-b14) for windows-x86 JRE (1.8.0_92-b14), built on Mar 31 2016 21:09:21 by "java_re" with MS VC++ 10.0 (VS2010)

time: Sat Mar 03 15:23:26 2018
elapsed time: 1219 seconds (0d 0h 20m 19s)

